<?xml version="1.0" encoding="UTF-8"?>
<!-- Generated by org.testng.reporters.JUnitReportReporter -->
<testsuite hostname="LTIN294257" failures="0" tests="4"
	name="allTest.TrialTest" time="5.227" errors="0"
	timestamp="2023-12-20T14:30:28 IST" skipped="0">
	<testcase classname="allTest.TrialTest"
		name="verifyCardDetailsFields" time="1.789" />
	<testcase classname="allTest.TrialTest"
		name="verifyPayWithoutSavingCardButton" time="0.732" />
	<testcase classname="allTest.TrialTest"
		name="verifyOfferCodeSelection" time="2.352" />
	<testcase classname="allTest.TrialTest"
		name="verifyCardPaymentOption" time="0.354" />
</testsuite> <!-- allTest.TrialTest -->
