<?xml version="1.0" encoding="UTF-8"?>
<!-- Generated by org.testng.reporters.JUnitReportReporter -->
<testsuite hostname="LTIN294257" failures="0" tests="5" name="test.SubmitFormTest" time="90.645" errors="0" timestamp="2023-11-14T12:55:12 IST" skipped="0">
  <testcase classname="test.SubmitFormTest" name="signIn" time="13.268"/>
  <testcase classname="test.SubmitFormTest" name="fillForm" time="46.152"/>
  <testcase classname="test.SubmitFormTest" name="navigateToSignin" time="15.087"/>
  <testcase classname="test.SubmitFormTest" name="clickConsultation" time="9.653"/>
  <testcase classname="test.SubmitFormTest" name="navigateToHomepage" time="6.485"/>
</testsuite> <!-- test.SubmitFormTest -->
